======= CLIENT 5 =======
Ratio:               1.000 (100/100)
Runtime (s):         100.085
Msg time min (ms):   0.021
Msg time max (ms):   0.601
Msg time mean (ms):  0.097
Msg time std (ms):   0.084
Bandwidth (msg/sec): 0.999

======= CLIENT 6 =======
Ratio:               1.000 (100/100)
Runtime (s):         100.085
Msg time min (ms):   0.022
Msg time max (ms):   0.618
Msg time mean (ms):  0.092
Msg time std (ms):   0.090
Bandwidth (msg/sec): 0.999

======= CLIENT 1 =======
Ratio:               1.000 (100/100)
Runtime (s):         100.085
Msg time min (ms):   0.023
Msg time max (ms):   0.462
Msg time mean (ms):  0.098
Msg time std (ms):   0.087
Bandwidth (msg/sec): 0.999

======= CLIENT 9 =======
Ratio:               1.000 (100/100)
Runtime (s):         100.084
Msg time min (ms):   0.023
Msg time max (ms):   0.522
Msg time mean (ms):  0.085
Msg time std (ms):   0.078
Bandwidth (msg/sec): 0.999

======= CLIENT 13 =======
Ratio:               1.000 (100/100)
Runtime (s):         100.112
Msg time min (ms):   0.028
Msg time max (ms):   0.740
Msg time mean (ms):  0.175
Msg time std (ms):   0.166
Bandwidth (msg/sec): 0.999

======= CLIENT 4 =======
Ratio:               1.000 (100/100)
Runtime (s):         100.115
Msg time min (ms):   0.024
Msg time max (ms):   0.891
Msg time mean (ms):  0.214
Msg time std (ms):   0.224
Bandwidth (msg/sec): 0.999

======= CLIENT 7 =======
Ratio:               1.000 (100/100)
Runtime (s):         100.115
Msg time min (ms):   0.028
Msg time max (ms):   1.960
Msg time mean (ms):  0.203
Msg time std (ms):   0.284
Bandwidth (msg/sec): 0.999

======= CLIENT 3 =======
Ratio:               1.000 (100/100)
Runtime (s):         100.115
Msg time min (ms):   0.024
Msg time max (ms):   0.998
Msg time mean (ms):  0.212
Msg time std (ms):   0.235
Bandwidth (msg/sec): 0.999

======= CLIENT 14 =======
Ratio:               1.000 (100/100)
Runtime (s):         100.114
Msg time min (ms):   0.022
Msg time max (ms):   0.998
Msg time mean (ms):  0.183
Msg time std (ms):   0.215
Bandwidth (msg/sec): 0.999

======= CLIENT 12 =======
Ratio:               1.000 (100/100)
Runtime (s):         100.114
Msg time min (ms):   0.027
Msg time max (ms):   1.577
Msg time mean (ms):  0.199
Msg time std (ms):   0.257
Bandwidth (msg/sec): 0.999

======= CLIENT 8 =======
Ratio:               1.000 (100/100)
Runtime (s):         100.114
Msg time min (ms):   0.027
Msg time max (ms):   1.006
Msg time mean (ms):  0.184
Msg time std (ms):   0.198
Bandwidth (msg/sec): 0.999

======= CLIENT 21 =======
Ratio:               1.000 (100/100)
Runtime (s):         100.117
Msg time min (ms):   0.022
Msg time max (ms):   2.667
Msg time mean (ms):  0.574
Msg time std (ms):   0.800
Bandwidth (msg/sec): 0.999

======= CLIENT 99 =======
Ratio:               1.000 (100/100)
Runtime (s):         100.121
Msg time min (ms):   0.024
Msg time max (ms):   11.779
Msg time mean (ms):  0.780
Msg time std (ms):   1.344
Bandwidth (msg/sec): 0.999

======= CLIENT 88 =======
Ratio:               1.000 (100/100)
Runtime (s):         100.107
Msg time min (ms):   0.029
Msg time max (ms):   2.669
Msg time mean (ms):  0.778
Msg time std (ms):   0.800
Bandwidth (msg/sec): 0.999

======= CLIENT 70 =======
Ratio:               1.000 (100/100)
Runtime (s):         100.109
Msg time min (ms):   0.023
Msg time max (ms):   6.403
Msg time mean (ms):  0.670
Msg time std (ms):   0.952
Bandwidth (msg/sec): 0.999

======= CLIENT 71 =======
Ratio:               1.000 (100/100)
Runtime (s):         100.109
Msg time min (ms):   0.028
Msg time max (ms):   6.425
Msg time mean (ms):  0.705
Msg time std (ms):   0.937
Bandwidth (msg/sec): 0.999

======= CLIENT 87 =======
Ratio:               1.000 (100/100)
Runtime (s):         100.107
Msg time min (ms):   0.027
Msg time max (ms):   7.012
Msg time mean (ms):  0.685
Msg time std (ms):   1.008
Bandwidth (msg/sec): 0.999

======= CLIENT 82 =======
Ratio:               1.000 (100/100)
Runtime (s):         100.108
Msg time min (ms):   0.025
Msg time max (ms):   6.580
Msg time mean (ms):  0.526
Msg time std (ms):   0.915
Bandwidth (msg/sec): 0.999

======= CLIENT 10 =======
Ratio:               1.000 (100/100)
Runtime (s):         100.119
Msg time min (ms):   0.026
Msg time max (ms):   2.607
Msg time mean (ms):  0.714
Msg time std (ms):   0.783
Bandwidth (msg/sec): 0.999

======= CLIENT 11 =======
Ratio:               1.000 (100/100)
Runtime (s):         100.119
Msg time min (ms):   0.026
Msg time max (ms):   7.991
Msg time mean (ms):  0.716
Msg time std (ms):   1.024
Bandwidth (msg/sec): 0.999

======= CLIENT 18 =======
Ratio:               1.000 (100/100)
Runtime (s):         100.118
Msg time min (ms):   0.022
Msg time max (ms):   2.539
Msg time mean (ms):  0.757
Msg time std (ms):   0.768
Bandwidth (msg/sec): 0.999

======= CLIENT 84 =======
Ratio:               1.000 (100/100)
Runtime (s):         100.107
Msg time min (ms):   0.026
Msg time max (ms):   2.778
Msg time mean (ms):  0.467
Msg time std (ms):   0.688
Bandwidth (msg/sec): 0.999

======= CLIENT 86 =======
Ratio:               1.000 (100/100)
Runtime (s):         100.108
Msg time min (ms):   0.023
Msg time max (ms):   6.307
Msg time mean (ms):  0.716
Msg time std (ms):   0.946
Bandwidth (msg/sec): 0.999

======= CLIENT 81 =======
Ratio:               1.000 (100/100)
Runtime (s):         100.109
Msg time min (ms):   0.026
Msg time max (ms):   2.189
Msg time mean (ms):  0.614
Msg time std (ms):   0.720
Bandwidth (msg/sec): 0.999

======= CLIENT 80 =======
Ratio:               1.000 (100/100)
Runtime (s):         100.109
Msg time min (ms):   0.025
Msg time max (ms):   2.823
Msg time mean (ms):  0.629
Msg time std (ms):   0.780
Bandwidth (msg/sec): 0.999

======= CLIENT 30 =======
Ratio:               1.000 (100/100)
Runtime (s):         100.117
Msg time min (ms):   0.026
Msg time max (ms):   5.709
Msg time mean (ms):  0.518
Msg time std (ms):   0.920
Bandwidth (msg/sec): 0.999

======= CLIENT 2 =======
Ratio:               1.000 (100/100)
Runtime (s):         100.122
Msg time min (ms):   0.024
Msg time max (ms):   6.329
Msg time mean (ms):  0.645
Msg time std (ms):   0.954
Bandwidth (msg/sec): 0.999

======= CLIENT 67 =======
Ratio:               1.000 (100/100)
Runtime (s):         100.111
Msg time min (ms):   0.025
Msg time max (ms):   6.515
Msg time mean (ms):  0.632
Msg time std (ms):   0.916
Bandwidth (msg/sec): 0.999

======= CLIENT 72 =======
Ratio:               1.000 (100/100)
Runtime (s):         100.112
Msg time min (ms):   0.027
Msg time max (ms):   11.030
Msg time mean (ms):  0.572
Msg time std (ms):   1.251
Bandwidth (msg/sec): 0.999

======= CLIENT 83 =======
Ratio:               1.000 (100/100)
Runtime (s):         100.114
Msg time min (ms):   0.025
Msg time max (ms):   6.459
Msg time mean (ms):  0.607
Msg time std (ms):   0.940
Bandwidth (msg/sec): 0.999

======= CLIENT 44 =======
Ratio:               1.000 (100/100)
Runtime (s):         100.120
Msg time min (ms):   0.024
Msg time max (ms):   5.144
Msg time mean (ms):  0.518
Msg time std (ms):   1.059
Bandwidth (msg/sec): 0.999

======= CLIENT 0 =======
Ratio:               1.000 (100/100)
Runtime (s):         100.127
Msg time min (ms):   0.024
Msg time max (ms):   2.240
Msg time mean (ms):  0.467
Msg time std (ms):   0.638
Bandwidth (msg/sec): 0.999

======= CLIENT 68 =======
Ratio:               1.000 (100/100)
Runtime (s):         100.116
Msg time min (ms):   0.026
Msg time max (ms):   2.437
Msg time mean (ms):  0.397
Msg time std (ms):   0.659
Bandwidth (msg/sec): 0.999

======= CLIENT 94 =======
Ratio:               1.000 (100/100)
Runtime (s):         100.117
Msg time min (ms):   0.028
Msg time max (ms):   5.262
Msg time mean (ms):  1.030
Msg time std (ms):   1.313
Bandwidth (msg/sec): 0.999

======= CLIENT 23 =======
Ratio:               1.000 (100/100)
Runtime (s):         100.128
Msg time min (ms):   0.025
Msg time max (ms):   6.816
Msg time mean (ms):  0.832
Msg time std (ms):   1.351
Bandwidth (msg/sec): 0.999

======= CLIENT 32 =======
Ratio:               1.000 (100/100)
Runtime (s):         100.126
Msg time min (ms):   0.025
Msg time max (ms):   8.306
Msg time mean (ms):  0.871
Msg time std (ms):   1.293
Bandwidth (msg/sec): 0.999

======= CLIENT 96 =======
Ratio:               1.000 (100/100)
Runtime (s):         100.116
Msg time min (ms):   0.024
Msg time max (ms):   7.097
Msg time mean (ms):  0.607
Msg time std (ms):   1.045
Bandwidth (msg/sec): 0.999

======= CLIENT 25 =======
Ratio:               1.000 (100/100)
Runtime (s):         100.128
Msg time min (ms):   0.028
Msg time max (ms):   5.376
Msg time mean (ms):  1.038
Msg time std (ms):   1.346
Bandwidth (msg/sec): 0.999

======= CLIENT 78 =======
Ratio:               1.000 (100/100)
Runtime (s):         100.119
Msg time min (ms):   0.027
Msg time max (ms):   7.133
Msg time mean (ms):  0.968
Msg time std (ms):   1.462
Bandwidth (msg/sec): 0.999

======= CLIENT 27 =======
Ratio:               1.000 (100/100)
Runtime (s):         100.127
Msg time min (ms):   0.027
Msg time max (ms):   7.039
Msg time mean (ms):  1.225
Msg time std (ms):   1.516
Bandwidth (msg/sec): 0.999

======= CLIENT 59 =======
Ratio:               1.000 (100/100)
Runtime (s):         100.123
Msg time min (ms):   0.028
Msg time max (ms):   5.164
Msg time mean (ms):  0.870
Msg time std (ms):   1.135
Bandwidth (msg/sec): 0.999

======= CLIENT 17 =======
Ratio:               1.000 (100/100)
Runtime (s):         100.130
Msg time min (ms):   0.020
Msg time max (ms):   5.211
Msg time mean (ms):  0.709
Msg time std (ms):   0.989
Bandwidth (msg/sec): 0.999

======= CLIENT 49 =======
Ratio:               1.000 (100/100)
Runtime (s):         100.124
Msg time min (ms):   0.026
Msg time max (ms):   5.562
Msg time mean (ms):  0.968
Msg time std (ms):   1.349
Bandwidth (msg/sec): 0.999

======= CLIENT 54 =======
Ratio:               1.000 (100/100)
Runtime (s):         100.124
Msg time min (ms):   0.025
Msg time max (ms):   4.677
Msg time mean (ms):  0.855
Msg time std (ms):   1.210
Bandwidth (msg/sec): 0.999

======= CLIENT 36 =======
Ratio:               1.000 (100/100)
Runtime (s):         100.127
Msg time min (ms):   0.023
Msg time max (ms):   8.643
Msg time mean (ms):  1.049
Msg time std (ms):   1.384
Bandwidth (msg/sec): 0.999

======= CLIENT 24 =======
Ratio:               1.000 (100/100)
Runtime (s):         100.129
Msg time min (ms):   0.025
Msg time max (ms):   6.789
Msg time mean (ms):  0.838
Msg time std (ms):   1.313
Bandwidth (msg/sec): 0.999

======= CLIENT 26 =======
Ratio:               1.000 (100/100)
Runtime (s):         100.129
Msg time min (ms):   0.020
Msg time max (ms):   6.946
Msg time mean (ms):  1.256
Msg time std (ms):   1.524
Bandwidth (msg/sec): 0.999

======= CLIENT 33 =======
Ratio:               1.000 (100/100)
Runtime (s):         100.127
Msg time min (ms):   0.021
Msg time max (ms):   7.378
Msg time mean (ms):  0.981
Msg time std (ms):   1.472
Bandwidth (msg/sec): 0.999

======= CLIENT 55 =======
Ratio:               1.000 (100/100)
Runtime (s):         100.124
Msg time min (ms):   0.024
Msg time max (ms):   6.905
Msg time mean (ms):  0.837
Msg time std (ms):   1.216
Bandwidth (msg/sec): 0.999

======= CLIENT 20 =======
Ratio:               1.000 (100/100)
Runtime (s):         100.130
Msg time min (ms):   0.022
Msg time max (ms):   7.190
Msg time mean (ms):  0.834
Msg time std (ms):   1.229
Bandwidth (msg/sec): 0.999

======= CLIENT 74 =======
Ratio:               1.000 (100/100)
Runtime (s):         100.120
Msg time min (ms):   0.025
Msg time max (ms):   8.216
Msg time mean (ms):  1.080
Msg time std (ms):   1.408
Bandwidth (msg/sec): 0.999

======= CLIENT 69 =======
Ratio:               1.000 (100/100)
Runtime (s):         100.121
Msg time min (ms):   0.029
Msg time max (ms):   4.633
Msg time mean (ms):  0.709
Msg time std (ms):   0.999
Bandwidth (msg/sec): 0.999

======= CLIENT 90 =======
Ratio:               1.000 (100/100)
Runtime (s):         100.118
Msg time min (ms):   0.027
Msg time max (ms):   5.403
Msg time mean (ms):  0.793
Msg time std (ms):   1.155
Bandwidth (msg/sec): 0.999

======= CLIENT 79 =======
Ratio:               1.000 (100/100)
Runtime (s):         100.120
Msg time min (ms):   0.023
Msg time max (ms):   5.010
Msg time mean (ms):  0.877
Msg time std (ms):   1.067
Bandwidth (msg/sec): 0.999

======= CLIENT 52 =======
Ratio:               1.000 (100/100)
Runtime (s):         100.126
Msg time min (ms):   0.023
Msg time max (ms):   4.719
Msg time mean (ms):  1.013
Msg time std (ms):   1.176
Bandwidth (msg/sec): 0.999

======= CLIENT 40 =======
Ratio:               1.000 (100/100)
Runtime (s):         100.128
Msg time min (ms):   0.026
Msg time max (ms):   5.550
Msg time mean (ms):  1.131
Msg time std (ms):   1.339
Bandwidth (msg/sec): 0.999

======= CLIENT 65 =======
Ratio:               1.000 (100/100)
Runtime (s):         100.123
Msg time min (ms):   0.027
Msg time max (ms):   7.967
Msg time mean (ms):  0.962
Msg time std (ms):   1.450
Bandwidth (msg/sec): 0.999

======= CLIENT 91 =======
Ratio:               1.000 (100/100)
Runtime (s):         100.120
Msg time min (ms):   0.023
Msg time max (ms):   5.380
Msg time mean (ms):  0.944
Msg time std (ms):   1.286
Bandwidth (msg/sec): 0.999

======= CLIENT 15 =======
Ratio:               1.000 (100/100)
Runtime (s):         100.132
Msg time min (ms):   0.027
Msg time max (ms):   4.921
Msg time mean (ms):  1.012
Msg time std (ms):   1.270
Bandwidth (msg/sec): 0.999

======= CLIENT 97 =======
Ratio:               1.000 (100/100)
Runtime (s):         100.119
Msg time min (ms):   0.024
Msg time max (ms):   6.907
Msg time mean (ms):  0.988
Msg time std (ms):   1.302
Bandwidth (msg/sec): 0.999

======= CLIENT 85 =======
Ratio:               1.000 (100/100)
Runtime (s):         100.123
Msg time min (ms):   0.025
Msg time max (ms):   5.468
Msg time mean (ms):  0.595
Msg time std (ms):   0.914
Bandwidth (msg/sec): 0.999

======= CLIENT 76 =======
Ratio:               1.000 (100/100)
Runtime (s):         100.127
Msg time min (ms):   0.024
Msg time max (ms):   8.107
Msg time mean (ms):  0.844
Msg time std (ms):   1.245
Bandwidth (msg/sec): 0.999

======= CLIENT 31 =======
Ratio:               1.000 (100/100)
Runtime (s):         100.135
Msg time min (ms):   0.024
Msg time max (ms):   6.315
Msg time mean (ms):  0.857
Msg time std (ms):   1.319
Bandwidth (msg/sec): 0.999

======= CLIENT 47 =======
Ratio:               1.000 (100/100)
Runtime (s):         100.132
Msg time min (ms):   0.025
Msg time max (ms):   3.349
Msg time mean (ms):  0.544
Msg time std (ms):   0.843
Bandwidth (msg/sec): 0.999

======= CLIENT 42 =======
Ratio:               1.000 (100/100)
Runtime (s):         100.133
Msg time min (ms):   0.022
Msg time max (ms):   6.967
Msg time mean (ms):  0.770
Msg time std (ms):   1.190
Bandwidth (msg/sec): 0.999

======= CLIENT 56 =======
Ratio:               1.000 (100/100)
Runtime (s):         100.131
Msg time min (ms):   0.022
Msg time max (ms):   5.302
Msg time mean (ms):  0.920
Msg time std (ms):   1.273
Bandwidth (msg/sec): 0.999

======= CLIENT 34 =======
Ratio:               1.000 (100/100)
Runtime (s):         100.134
Msg time min (ms):   0.022
Msg time max (ms):   6.859
Msg time mean (ms):  0.902
Msg time std (ms):   1.290
Bandwidth (msg/sec): 0.999

======= CLIENT 75 =======
Ratio:               1.000 (100/100)
Runtime (s):         100.128
Msg time min (ms):   0.023
Msg time max (ms):   4.609
Msg time mean (ms):  0.769
Msg time std (ms):   1.079
Bandwidth (msg/sec): 0.999

======= CLIENT 46 =======
Ratio:               1.000 (100/100)
Runtime (s):         100.132
Msg time min (ms):   0.021
Msg time max (ms):   8.809
Msg time mean (ms):  0.902
Msg time std (ms):   1.365
Bandwidth (msg/sec): 0.999

======= CLIENT 50 =======
Ratio:               1.000 (100/100)
Runtime (s):         100.132
Msg time min (ms):   0.024
Msg time max (ms):   6.617
Msg time mean (ms):  0.894
Msg time std (ms):   1.283
Bandwidth (msg/sec): 0.999

======= CLIENT 61 =======
Ratio:               1.000 (100/100)
Runtime (s):         100.132
Msg time min (ms):   0.025
Msg time max (ms):   5.220
Msg time mean (ms):  1.045
Msg time std (ms):   1.284
Bandwidth (msg/sec): 0.999

======= CLIENT 37 =======
Ratio:               1.000 (100/100)
Runtime (s):         100.136
Msg time min (ms):   0.024
Msg time max (ms):   5.288
Msg time mean (ms):  0.770
Msg time std (ms):   1.230
Bandwidth (msg/sec): 0.999

======= CLIENT 19 =======
Ratio:               1.000 (100/100)
Runtime (s):         100.139
Msg time min (ms):   0.027
Msg time max (ms):   5.239
Msg time mean (ms):  0.755
Msg time std (ms):   1.065
Bandwidth (msg/sec): 0.999

======= CLIENT 29 =======
Ratio:               1.000 (100/100)
Runtime (s):         100.137
Msg time min (ms):   0.022
Msg time max (ms):   5.514
Msg time mean (ms):  0.749
Msg time std (ms):   1.303
Bandwidth (msg/sec): 0.999

======= CLIENT 62 =======
Ratio:               1.000 (100/100)
Runtime (s):         100.132
Msg time min (ms):   0.026
Msg time max (ms):   6.234
Msg time mean (ms):  0.840
Msg time std (ms):   1.192
Bandwidth (msg/sec): 0.999

======= CLIENT 57 =======
Ratio:               1.000 (100/100)
Runtime (s):         100.133
Msg time min (ms):   0.028
Msg time max (ms):   7.855
Msg time mean (ms):  0.908
Msg time std (ms):   1.333
Bandwidth (msg/sec): 0.999

======= CLIENT 16 =======
Ratio:               1.000 (100/100)
Runtime (s):         100.140
Msg time min (ms):   0.023
Msg time max (ms):   5.370
Msg time mean (ms):  0.651
Msg time std (ms):   1.084
Bandwidth (msg/sec): 0.999

======= CLIENT 51 =======
Ratio:               1.000 (100/100)
Runtime (s):         100.134
Msg time min (ms):   0.023
Msg time max (ms):   3.760
Msg time mean (ms):  0.699
Msg time std (ms):   1.024
Bandwidth (msg/sec): 0.999

======= CLIENT 45 =======
Ratio:               1.000 (100/100)
Runtime (s):         100.134
Msg time min (ms):   0.025
Msg time max (ms):   6.087
Msg time mean (ms):  0.813
Msg time std (ms):   1.298
Bandwidth (msg/sec): 0.999

======= CLIENT 38 =======
Ratio:               1.000 (100/100)
Runtime (s):         100.136
Msg time min (ms):   0.027
Msg time max (ms):   5.471
Msg time mean (ms):  0.978
Msg time std (ms):   1.305
Bandwidth (msg/sec): 0.999

======= CLIENT 41 =======
Ratio:               1.000 (100/100)
Runtime (s):         100.135
Msg time min (ms):   0.023
Msg time max (ms):   3.890
Msg time mean (ms):  0.776
Msg time std (ms):   0.950
Bandwidth (msg/sec): 0.999

======= CLIENT 60 =======
Ratio:               1.000 (100/100)
Runtime (s):         100.132
Msg time min (ms):   0.027
Msg time max (ms):   4.542
Msg time mean (ms):  0.665
Msg time std (ms):   1.005
Bandwidth (msg/sec): 0.999

======= CLIENT 53 =======
Ratio:               1.000 (100/100)
Runtime (s):         100.133
Msg time min (ms):   0.023
Msg time max (ms):   6.821
Msg time mean (ms):  0.969
Msg time std (ms):   1.463
Bandwidth (msg/sec): 0.999

======= CLIENT 35 =======
Ratio:               1.000 (100/100)
Runtime (s):         100.137
Msg time min (ms):   0.025
Msg time max (ms):   4.290
Msg time mean (ms):  0.395
Msg time std (ms):   0.830
Bandwidth (msg/sec): 0.999

======= CLIENT 64 =======
Ratio:               1.000 (100/100)
Runtime (s):         100.131
Msg time min (ms):   0.028
Msg time max (ms):   7.849
Msg time mean (ms):  0.877
Msg time std (ms):   1.188
Bandwidth (msg/sec): 0.999

======= CLIENT 48 =======
Ratio:               1.000 (100/100)
Runtime (s):         100.134
Msg time min (ms):   0.024
Msg time max (ms):   4.962
Msg time mean (ms):  0.686
Msg time std (ms):   1.100
Bandwidth (msg/sec): 0.999

======= CLIENT 39 =======
Ratio:               1.000 (100/100)
Runtime (s):         100.136
Msg time min (ms):   0.026
Msg time max (ms):   6.805
Msg time mean (ms):  1.075
Msg time std (ms):   1.390
Bandwidth (msg/sec): 0.999

======= CLIENT 92 =======
Ratio:               1.000 (100/100)
Runtime (s):         100.128
Msg time min (ms):   0.028
Msg time max (ms):   4.944
Msg time mean (ms):  0.635
Msg time std (ms):   1.035
Bandwidth (msg/sec): 0.999

======= CLIENT 73 =======
Ratio:               1.000 (100/100)
Runtime (s):         100.130
Msg time min (ms):   0.022
Msg time max (ms):   7.224
Msg time mean (ms):  0.901
Msg time std (ms):   1.385
Bandwidth (msg/sec): 0.999

======= CLIENT 89 =======
Ratio:               1.000 (100/100)
Runtime (s):         100.128
Msg time min (ms):   0.028
Msg time max (ms):   3.075
Msg time mean (ms):  0.550
Msg time std (ms):   0.792
Bandwidth (msg/sec): 0.999

======= CLIENT 66 =======
Ratio:               1.000 (100/100)
Runtime (s):         100.131
Msg time min (ms):   0.024
Msg time max (ms):   6.414
Msg time mean (ms):  0.640
Msg time std (ms):   1.166
Bandwidth (msg/sec): 0.999

======= CLIENT 28 =======
Ratio:               1.000 (100/100)
Runtime (s):         100.138
Msg time min (ms):   0.024
Msg time max (ms):   4.195
Msg time mean (ms):  0.492
Msg time std (ms):   0.840
Bandwidth (msg/sec): 0.999

======= CLIENT 98 =======
Ratio:               1.000 (100/100)
Runtime (s):         100.127
Msg time min (ms):   0.023
Msg time max (ms):   8.073
Msg time mean (ms):  0.992
Msg time std (ms):   1.372
Bandwidth (msg/sec): 0.999

======= CLIENT 63 =======
Ratio:               1.000 (100/100)
Runtime (s):         100.132
Msg time min (ms):   0.027
Msg time max (ms):   6.083
Msg time mean (ms):  0.543
Msg time std (ms):   1.026
Bandwidth (msg/sec): 0.999

======= CLIENT 95 =======
Ratio:               1.000 (100/100)
Runtime (s):         100.128
Msg time min (ms):   0.025
Msg time max (ms):   5.733
Msg time mean (ms):  0.627
Msg time std (ms):   1.100
Bandwidth (msg/sec): 0.999

======= CLIENT 58 =======
Ratio:               1.000 (100/100)
Runtime (s):         100.134
Msg time min (ms):   0.025
Msg time max (ms):   6.269
Msg time mean (ms):  0.696
Msg time std (ms):   1.098
Bandwidth (msg/sec): 0.999

======= CLIENT 22 =======
Ratio:               1.000 (100/100)
Runtime (s):         100.140
Msg time min (ms):   0.021
Msg time max (ms):   5.645
Msg time mean (ms):  0.645
Msg time std (ms):   1.146
Bandwidth (msg/sec): 0.999

======= CLIENT 77 =======
Ratio:               1.000 (100/100)
Runtime (s):         100.131
Msg time min (ms):   0.026
Msg time max (ms):   4.903
Msg time mean (ms):  0.775
Msg time std (ms):   1.097
Bandwidth (msg/sec): 0.999

======= CLIENT 93 =======
Ratio:               1.000 (100/100)
Runtime (s):         100.130
Msg time min (ms):   0.021
Msg time max (ms):   4.360
Msg time mean (ms):  0.838
Msg time std (ms):   1.120
Bandwidth (msg/sec): 0.999

======= CLIENT 43 =======
Ratio:               1.000 (100/100)
Runtime (s):         100.142
Msg time min (ms):   0.020
Msg time max (ms):   7.699
Msg time mean (ms):  0.755
Msg time std (ms):   1.299
Bandwidth (msg/sec): 0.999

========= TOTAL (100) =========
Total Ratio:                 1.000 (10000/10000)
Total Runtime (sec):         100.149
Average Runtime (sec):       100.123
Msg time min (ms):           0.020
Msg time max (ms):           11.779
Msg time mean mean (ms):     0.714
Msg time mean std (ms):      0.263
Average Bandwidth (msg/sec): 0.999
Total Bandwidth (msg/sec):   99.877
