======= CLIENT 6 =======
Ratio:               1.000 (100/100)
Runtime (s):         100.073
Msg time min (ms):   2.590
Msg time max (ms):   114.401
Msg time mean (ms):  42.120
Msg time std (ms):   37.483
Bandwidth (msg/sec): 0.999

======= CLIENT 9 =======
Ratio:               1.000 (100/100)
Runtime (s):         100.074
Msg time min (ms):   1.977
Msg time max (ms):   114.296
Msg time mean (ms):  41.562
Msg time std (ms):   37.309
Bandwidth (msg/sec): 0.999

======= CLIENT 2 =======
Ratio:               1.000 (100/100)
Runtime (s):         100.075
Msg time min (ms):   2.481
Msg time max (ms):   113.851
Msg time mean (ms):  41.986
Msg time std (ms):   37.359
Bandwidth (msg/sec): 0.999

======= CLIENT 7 =======
Ratio:               1.000 (100/100)
Runtime (s):         100.075
Msg time min (ms):   2.253
Msg time max (ms):   113.560
Msg time mean (ms):  41.535
Msg time std (ms):   37.130
Bandwidth (msg/sec): 0.999

======= CLIENT 1 =======
Ratio:               1.000 (100/100)
Runtime (s):         100.077
Msg time min (ms):   2.210
Msg time max (ms):   111.406
Msg time mean (ms):  39.625
Msg time std (ms):   36.001
Bandwidth (msg/sec): 0.999

======= CLIENT 4 =======
Ratio:               1.000 (100/100)
Runtime (s):         100.077
Msg time min (ms):   2.264
Msg time max (ms):   111.480
Msg time mean (ms):  39.164
Msg time std (ms):   35.768
Bandwidth (msg/sec): 0.999

======= CLIENT 5 =======
Ratio:               1.000 (100/100)
Runtime (s):         100.077
Msg time min (ms):   2.239
Msg time max (ms):   112.148
Msg time mean (ms):  39.681
Msg time std (ms):   35.987
Bandwidth (msg/sec): 0.999

======= CLIENT 3 =======
Ratio:               1.000 (100/100)
Runtime (s):         100.078
Msg time min (ms):   2.130
Msg time max (ms):   112.057
Msg time mean (ms):  40.264
Msg time std (ms):   36.327
Bandwidth (msg/sec): 0.999

======= CLIENT 0 =======
Ratio:               1.000 (100/100)
Runtime (s):         100.078
Msg time min (ms):   2.207
Msg time max (ms):   112.146
Msg time mean (ms):  39.863
Msg time std (ms):   36.250
Bandwidth (msg/sec): 0.999

======= CLIENT 8 =======
Ratio:               1.000 (100/100)
Runtime (s):         100.077
Msg time min (ms):   2.215
Msg time max (ms):   111.338
Msg time mean (ms):  38.597
Msg time std (ms):   35.694
Bandwidth (msg/sec): 0.999

========= TOTAL (10) =========
Total Ratio:                 1.000 (1000/1000)
Total Runtime (sec):         100.079
Average Runtime (sec):       100.076
Msg time min (ms):           1.977
Msg time max (ms):           114.401
Msg time mean mean (ms):     40.440
Msg time mean std (ms):      1.260
Average Bandwidth (msg/sec): 0.999
Total Bandwidth (msg/sec):   9.992
