======= CLIENT 3 =======
Ratio:               1.000 (100/100)
Runtime (s):         100.069
Msg time min (ms):   5.077
Msg time max (ms):   205.170
Msg time mean (ms):  44.273
Msg time std (ms):   39.280
Bandwidth (msg/sec): 0.999

======= CLIENT 5 =======
Ratio:               1.000 (100/100)
Runtime (s):         100.071
Msg time min (ms):   5.844
Msg time max (ms):   201.195
Msg time mean (ms):  42.795
Msg time std (ms):   37.709
Bandwidth (msg/sec): 0.999

======= CLIENT 8 =======
Ratio:               1.000 (100/100)
Runtime (s):         100.069
Msg time min (ms):   5.164
Msg time max (ms):   202.431
Msg time mean (ms):  42.434
Msg time std (ms):   37.835
Bandwidth (msg/sec): 0.999

======= CLIENT 7 =======
Ratio:               1.000 (100/100)
Runtime (s):         100.070
Msg time min (ms):   5.613
Msg time max (ms):   201.840
Msg time mean (ms):  42.805
Msg time std (ms):   37.662
Bandwidth (msg/sec): 0.999

======= CLIENT 1 =======
Ratio:               1.000 (100/100)
Runtime (s):         100.073
Msg time min (ms):   5.994
Msg time max (ms):   203.747
Msg time mean (ms):  42.903
Msg time std (ms):   37.889
Bandwidth (msg/sec): 0.999

======= CLIENT 0 =======
Ratio:               1.000 (100/100)
Runtime (s):         100.073
Msg time min (ms):   6.353
Msg time max (ms):   205.204
Msg time mean (ms):  43.810
Msg time std (ms):   38.606
Bandwidth (msg/sec): 0.999

======= CLIENT 9 =======
Ratio:               1.000 (100/100)
Runtime (s):         100.075
Msg time min (ms):   5.894
Msg time max (ms):   205.430
Msg time mean (ms):  43.651
Msg time std (ms):   38.507
Bandwidth (msg/sec): 0.999

======= CLIENT 6 =======
Ratio:               1.000 (100/100)
Runtime (s):         100.072
Msg time min (ms):   5.423
Msg time max (ms):   201.131
Msg time mean (ms):  42.635
Msg time std (ms):   37.854
Bandwidth (msg/sec): 0.999

======= CLIENT 4 =======
Ratio:               1.000 (100/100)
Runtime (s):         100.073
Msg time min (ms):   5.617
Msg time max (ms):   203.921
Msg time mean (ms):  43.852
Msg time std (ms):   38.603
Bandwidth (msg/sec): 0.999

======= CLIENT 2 =======
Ratio:               1.000 (100/100)
Runtime (s):         100.096
Msg time min (ms):   4.527
Msg time max (ms):   201.380
Msg time mean (ms):  37.132
Msg time std (ms):   36.168
Bandwidth (msg/sec): 0.999

========= TOTAL (10) =========
Total Ratio:                 1.000 (1000/1000)
Total Runtime (sec):         100.098
Average Runtime (sec):       100.074
Msg time min (ms):           4.527
Msg time max (ms):           205.430
Msg time mean mean (ms):     42.629
Msg time mean std (ms):      2.028
Average Bandwidth (msg/sec): 0.999
Total Bandwidth (msg/sec):   9.993
