======= CLIENT 14 =======
Ratio:               1.000 (100/100)
Runtime (s):         100.115
Msg time min (ms):   7.461
Msg time max (ms):   127.585
Msg time mean (ms):  39.254
Msg time std (ms):   37.191
Bandwidth (msg/sec): 0.999

======= CLIENT 9 =======
Ratio:               1.000 (100/100)
Runtime (s):         100.116
Msg time min (ms):   4.680
Msg time max (ms):   150.772
Msg time mean (ms):  38.962
Msg time std (ms):   41.599
Bandwidth (msg/sec): 0.999

======= CLIENT 43 =======
Ratio:               1.000 (100/100)
Runtime (s):         100.100
Msg time min (ms):   7.563
Msg time max (ms):   150.048
Msg time mean (ms):  39.953
Msg time std (ms):   38.161
Bandwidth (msg/sec): 0.999

======= CLIENT 37 =======
Ratio:               1.000 (100/100)
Runtime (s):         100.104
Msg time min (ms):   7.705
Msg time max (ms):   151.742
Msg time mean (ms):  39.627
Msg time std (ms):   38.145
Bandwidth (msg/sec): 0.999

======= CLIENT 13 =======
Ratio:               1.000 (100/100)
Runtime (s):         100.116
Msg time min (ms):   7.666
Msg time max (ms):   142.488
Msg time mean (ms):  39.250
Msg time std (ms):   37.671
Bandwidth (msg/sec): 0.999

======= CLIENT 31 =======
Ratio:               1.000 (100/100)
Runtime (s):         100.106
Msg time min (ms):   7.200
Msg time max (ms):   151.101
Msg time mean (ms):  39.251
Msg time std (ms):   38.008
Bandwidth (msg/sec): 0.999

======= CLIENT 36 =======
Ratio:               1.000 (100/100)
Runtime (s):         100.105
Msg time min (ms):   8.082
Msg time max (ms):   151.204
Msg time mean (ms):  40.005
Msg time std (ms):   38.583
Bandwidth (msg/sec): 0.999

======= CLIENT 30 =======
Ratio:               1.000 (100/100)
Runtime (s):         100.106
Msg time min (ms):   7.905
Msg time max (ms):   143.207
Msg time mean (ms):  39.399
Msg time std (ms):   37.626
Bandwidth (msg/sec): 0.999

======= CLIENT 12 =======
Ratio:               1.000 (100/100)
Runtime (s):         100.117
Msg time min (ms):   6.889
Msg time max (ms):   150.010
Msg time mean (ms):  39.607
Msg time std (ms):   37.645
Bandwidth (msg/sec): 0.999

======= CLIENT 34 =======
Ratio:               1.000 (100/100)
Runtime (s):         100.106
Msg time min (ms):   8.132
Msg time max (ms):   142.281
Msg time mean (ms):  40.094
Msg time std (ms):   38.004
Bandwidth (msg/sec): 0.999

======= CLIENT 35 =======
Ratio:               1.000 (100/100)
Runtime (s):         100.105
Msg time min (ms):   8.689
Msg time max (ms):   149.781
Msg time mean (ms):  40.211
Msg time std (ms):   38.099
Bandwidth (msg/sec): 0.999

======= CLIENT 0 =======
Ratio:               1.000 (100/100)
Runtime (s):         100.120
Msg time min (ms):   7.359
Msg time max (ms):   142.975
Msg time mean (ms):  39.395
Msg time std (ms):   37.394
Bandwidth (msg/sec): 0.999

======= CLIENT 32 =======
Ratio:               1.000 (100/100)
Runtime (s):         100.107
Msg time min (ms):   6.995
Msg time max (ms):   151.484
Msg time mean (ms):  39.496
Msg time std (ms):   39.052
Bandwidth (msg/sec): 0.999

======= CLIENT 38 =======
Ratio:               1.000 (100/100)
Runtime (s):         100.106
Msg time min (ms):   8.570
Msg time max (ms):   129.047
Msg time mean (ms):  39.889
Msg time std (ms):   36.906
Bandwidth (msg/sec): 0.999

======= CLIENT 33 =======
Ratio:               1.000 (100/100)
Runtime (s):         100.107
Msg time min (ms):   7.186
Msg time max (ms):   150.610
Msg time mean (ms):  39.538
Msg time std (ms):   37.975
Bandwidth (msg/sec): 0.999

======= CLIENT 42 =======
Ratio:               1.000 (100/100)
Runtime (s):         100.106
Msg time min (ms):   6.584
Msg time max (ms):   142.744
Msg time mean (ms):  39.057
Msg time std (ms):   38.477
Bandwidth (msg/sec): 0.999

======= CLIENT 99 =======
Ratio:               1.000 (100/100)
Runtime (s):         100.149
Msg time min (ms):   4.991
Msg time max (ms):   115.873
Msg time mean (ms):  32.282
Msg time std (ms):   29.939
Bandwidth (msg/sec): 0.999

======= CLIENT 5 =======
Ratio:               1.000 (100/100)
Runtime (s):         100.147
Msg time min (ms):   6.266
Msg time max (ms):   115.195
Msg time mean (ms):  32.296
Msg time std (ms):   29.945
Bandwidth (msg/sec): 0.999

======= CLIENT 22 =======
Ratio:               1.000 (100/100)
Runtime (s):         100.138
Msg time min (ms):   6.791
Msg time max (ms):   109.821
Msg time mean (ms):  32.133
Msg time std (ms):   29.858
Bandwidth (msg/sec): 0.999

======= CLIENT 41 =======
Ratio:               1.000 (100/100)
Runtime (s):         100.130
Msg time min (ms):   7.162
Msg time max (ms):   108.500
Msg time mean (ms):  31.932
Msg time std (ms):   29.384
Bandwidth (msg/sec): 0.999

======= CLIENT 2 =======
Ratio:               1.000 (100/100)
Runtime (s):         100.148
Msg time min (ms):   4.783
Msg time max (ms):   125.761
Msg time mean (ms):  33.411
Msg time std (ms):   33.527
Bandwidth (msg/sec): 0.999

======= CLIENT 8 =======
Ratio:               1.000 (100/100)
Runtime (s):         100.148
Msg time min (ms):   7.125
Msg time max (ms):   114.549
Msg time mean (ms):  31.116
Msg time std (ms):   29.541
Bandwidth (msg/sec): 0.999

======= CLIENT 24 =======
Ratio:               1.000 (100/100)
Runtime (s):         100.138
Msg time min (ms):   7.078
Msg time max (ms):   107.943
Msg time mean (ms):  31.459
Msg time std (ms):   29.124
Bandwidth (msg/sec): 0.999

======= CLIENT 27 =======
Ratio:               1.000 (100/100)
Runtime (s):         100.137
Msg time min (ms):   6.968
Msg time max (ms):   110.082
Msg time mean (ms):  31.640
Msg time std (ms):   29.711
Bandwidth (msg/sec): 0.999

======= CLIENT 7 =======
Ratio:               1.000 (100/100)
Runtime (s):         100.148
Msg time min (ms):   5.826
Msg time max (ms):   121.822
Msg time mean (ms):  33.795
Msg time std (ms):   33.530
Bandwidth (msg/sec): 0.999

======= CLIENT 4 =======
Ratio:               1.000 (100/100)
Runtime (s):         100.149
Msg time min (ms):   6.028
Msg time max (ms):   137.991
Msg time mean (ms):  34.219
Msg time std (ms):   34.295
Bandwidth (msg/sec): 0.999

======= CLIENT 20 =======
Ratio:               1.000 (100/100)
Runtime (s):         100.146
Msg time min (ms):   8.175
Msg time max (ms):   110.796
Msg time mean (ms):  29.807
Msg time std (ms):   27.399
Bandwidth (msg/sec): 0.999

======= CLIENT 40 =======
Ratio:               1.000 (100/100)
Runtime (s):         100.137
Msg time min (ms):   7.316
Msg time max (ms):   118.137
Msg time mean (ms):  28.735
Msg time std (ms):   25.491
Bandwidth (msg/sec): 0.999

======= CLIENT 25 =======
Ratio:               1.000 (100/100)
Runtime (s):         100.143
Msg time min (ms):   8.879
Msg time max (ms):   105.874
Msg time mean (ms):  30.921
Msg time std (ms):   27.498
Bandwidth (msg/sec): 0.999

======= CLIENT 11 =======
Ratio:               1.000 (100/100)
Runtime (s):         100.152
Msg time min (ms):   7.581
Msg time max (ms):   126.365
Msg time mean (ms):  29.842
Msg time std (ms):   28.434
Bandwidth (msg/sec): 0.998

======= CLIENT 17 =======
Ratio:               1.000 (100/100)
Runtime (s):         100.151
Msg time min (ms):   7.119
Msg time max (ms):   113.201
Msg time mean (ms):  30.656
Msg time std (ms):   27.739
Bandwidth (msg/sec): 0.998

======= CLIENT 23 =======
Ratio:               1.000 (100/100)
Runtime (s):         100.144
Msg time min (ms):   8.608
Msg time max (ms):   107.125
Msg time mean (ms):  30.420
Msg time std (ms):   27.743
Bandwidth (msg/sec): 0.999

======= CLIENT 59 =======
Ratio:               1.000 (100/100)
Runtime (s):         100.134
Msg time min (ms):   6.682
Msg time max (ms):   102.918
Msg time mean (ms):  30.168
Msg time std (ms):   27.267
Bandwidth (msg/sec): 0.999

======= CLIENT 10 =======
Ratio:               1.000 (100/100)
Runtime (s):         100.154
Msg time min (ms):   9.110
Msg time max (ms):   104.399
Msg time mean (ms):  29.987
Msg time std (ms):   26.904
Bandwidth (msg/sec): 0.998

======= CLIENT 81 =======
Ratio:               1.000 (100/100)
Runtime (s):         100.128
Msg time min (ms):   6.265
Msg time max (ms):   119.728
Msg time mean (ms):  29.335
Msg time std (ms):   26.717
Bandwidth (msg/sec): 0.999

======= CLIENT 6 =======
Ratio:               1.000 (100/100)
Runtime (s):         100.155
Msg time min (ms):   7.388
Msg time max (ms):   122.350
Msg time mean (ms):  31.840
Msg time std (ms):   29.146
Bandwidth (msg/sec): 0.998

======= CLIENT 29 =======
Ratio:               1.000 (100/100)
Runtime (s):         100.143
Msg time min (ms):   8.260
Msg time max (ms):   111.575
Msg time mean (ms):  31.223
Msg time std (ms):   27.868
Bandwidth (msg/sec): 0.999

======= CLIENT 15 =======
Ratio:               1.000 (100/100)
Runtime (s):         100.152
Msg time min (ms):   7.722
Msg time max (ms):   121.477
Msg time mean (ms):  29.898
Msg time std (ms):   27.939
Bandwidth (msg/sec): 0.998

======= CLIENT 3 =======
Ratio:               1.000 (100/100)
Runtime (s):         100.156
Msg time min (ms):   7.155
Msg time max (ms):   117.176
Msg time mean (ms):  31.302
Msg time std (ms):   28.250
Bandwidth (msg/sec): 0.998

======= CLIENT 26 =======
Ratio:               1.000 (100/100)
Runtime (s):         100.146
Msg time min (ms):   8.853
Msg time max (ms):   110.056
Msg time mean (ms):  30.750
Msg time std (ms):   28.097
Bandwidth (msg/sec): 0.999

======= CLIENT 28 =======
Ratio:               1.000 (100/100)
Runtime (s):         100.145
Msg time min (ms):   8.309
Msg time max (ms):   106.432
Msg time mean (ms):  29.823
Msg time std (ms):   27.483
Bandwidth (msg/sec): 0.999

======= CLIENT 78 =======
Ratio:               1.000 (100/100)
Runtime (s):         100.157
Msg time min (ms):   4.570
Msg time max (ms):   119.555
Msg time mean (ms):  26.259
Msg time std (ms):   26.407
Bandwidth (msg/sec): 0.998

======= CLIENT 16 =======
Ratio:               1.000 (100/100)
Runtime (s):         100.180
Msg time min (ms):   5.090
Msg time max (ms):   115.025
Msg time mean (ms):  28.433
Msg time std (ms):   28.252
Bandwidth (msg/sec): 0.998

======= CLIENT 21 =======
Ratio:               1.000 (100/100)
Runtime (s):         100.174
Msg time min (ms):   4.305
Msg time max (ms):   109.634
Msg time mean (ms):  27.736
Msg time std (ms):   27.320
Bandwidth (msg/sec): 0.998

======= CLIENT 1 =======
Ratio:               1.000 (100/100)
Runtime (s):         100.185
Msg time min (ms):   4.944
Msg time max (ms):   117.226
Msg time mean (ms):  28.634
Msg time std (ms):   28.808
Bandwidth (msg/sec): 0.998

======= CLIENT 39 =======
Ratio:               1.000 (100/100)
Runtime (s):         100.194
Msg time min (ms):   5.619
Msg time max (ms):   109.485
Msg time mean (ms):  22.401
Msg time std (ms):   22.795
Bandwidth (msg/sec): 0.998

======= CLIENT 46 =======
Ratio:               1.000 (100/100)
Runtime (s):         100.192
Msg time min (ms):   6.050
Msg time max (ms):   110.652
Msg time mean (ms):  22.312
Msg time std (ms):   22.954
Bandwidth (msg/sec): 0.998

======= CLIENT 62 =======
Ratio:               1.000 (100/100)
Runtime (s):         100.190
Msg time min (ms):   6.237
Msg time max (ms):   119.153
Msg time mean (ms):  22.954
Msg time std (ms):   22.757
Bandwidth (msg/sec): 0.998

======= CLIENT 52 =======
Ratio:               1.000 (100/100)
Runtime (s):         100.194
Msg time min (ms):   4.972
Msg time max (ms):   112.181
Msg time mean (ms):  22.716
Msg time std (ms):   22.107
Bandwidth (msg/sec): 0.998

======= CLIENT 60 =======
Ratio:               1.000 (100/100)
Runtime (s):         100.192
Msg time min (ms):   6.401
Msg time max (ms):   106.708
Msg time mean (ms):  23.097
Msg time std (ms):   23.399
Bandwidth (msg/sec): 0.998

======= CLIENT 44 =======
Ratio:               1.000 (100/100)
Runtime (s):         100.222
Msg time min (ms):   5.619
Msg time max (ms):   307.873
Msg time mean (ms):  22.955
Msg time std (ms):   33.543
Bandwidth (msg/sec): 0.998

======= CLIENT 19 =======
Ratio:               1.000 (100/100)
Runtime (s):         100.234
Msg time min (ms):   5.571
Msg time max (ms):   97.766
Msg time mean (ms):  21.166
Msg time std (ms):   19.860
Bandwidth (msg/sec): 0.998

======= CLIENT 57 =======
Ratio:               1.000 (100/100)
Runtime (s):         100.219
Msg time min (ms):   4.856
Msg time max (ms):   389.581
Msg time mean (ms):  26.634
Msg time std (ms):   53.501
Bandwidth (msg/sec): 0.998

======= CLIENT 83 =======
Ratio:               1.000 (100/100)
Runtime (s):         100.213
Msg time min (ms):   5.558
Msg time max (ms):   311.714
Msg time mean (ms):  26.898
Msg time std (ms):   51.158
Bandwidth (msg/sec): 0.998

======= CLIENT 48 =======
Ratio:               1.000 (100/100)
Runtime (s):         100.221
Msg time min (ms):   4.336
Msg time max (ms):   307.471
Msg time mean (ms):  23.356
Msg time std (ms):   32.598
Bandwidth (msg/sec): 0.998

======= CLIENT 80 =======
Ratio:               1.000 (100/100)
Runtime (s):         100.215
Msg time min (ms):   4.844
Msg time max (ms):   96.465
Msg time mean (ms):  21.458
Msg time std (ms):   19.995
Bandwidth (msg/sec): 0.998

======= CLIENT 72 =======
Ratio:               1.000 (100/100)
Runtime (s):         100.239
Msg time min (ms):   5.701
Msg time max (ms):   319.454
Msg time mean (ms):  23.513
Msg time std (ms):   33.504
Bandwidth (msg/sec): 0.998

======= CLIENT 79 =======
Ratio:               1.000 (100/100)
Runtime (s):         100.238
Msg time min (ms):   6.574
Msg time max (ms):   119.151
Msg time mean (ms):  24.852
Msg time std (ms):   22.115
Bandwidth (msg/sec): 0.998

======= CLIENT 75 =======
Ratio:               1.000 (100/100)
Runtime (s):         100.238
Msg time min (ms):   5.318
Msg time max (ms):   111.988
Msg time mean (ms):  24.323
Msg time std (ms):   20.991
Bandwidth (msg/sec): 0.998

======= CLIENT 97 =======
Ratio:               1.000 (100/100)
Runtime (s):         100.235
Msg time min (ms):   5.422
Msg time max (ms):   332.776
Msg time mean (ms):  22.640
Msg time std (ms):   44.362
Bandwidth (msg/sec): 0.998

======= CLIENT 74 =======
Ratio:               1.000 (100/100)
Runtime (s):         100.239
Msg time min (ms):   8.345
Msg time max (ms):   98.448
Msg time mean (ms):  22.694
Msg time std (ms):   19.553
Bandwidth (msg/sec): 0.998

======= CLIENT 67 =======
Ratio:               1.000 (100/100)
Runtime (s):         100.242
Msg time min (ms):   4.012
Msg time max (ms):   313.803
Msg time mean (ms):  24.952
Msg time std (ms):   43.429
Bandwidth (msg/sec): 0.998

======= CLIENT 76 =======
Ratio:               1.000 (100/100)
Runtime (s):         100.240
Msg time min (ms):   6.087
Msg time max (ms):   390.335
Msg time mean (ms):  29.097
Msg time std (ms):   53.379
Bandwidth (msg/sec): 0.998

======= CLIENT 56 =======
Ratio:               1.000 (100/100)
Runtime (s):         100.246
Msg time min (ms):   6.478
Msg time max (ms):   310.714
Msg time mean (ms):  25.916
Msg time std (ms):   42.859
Bandwidth (msg/sec): 0.998

======= CLIENT 68 =======
Ratio:               1.000 (100/100)
Runtime (s):         100.243
Msg time min (ms):   6.453
Msg time max (ms):   310.886
Msg time mean (ms):  25.173
Msg time std (ms):   42.761
Bandwidth (msg/sec): 0.998

======= CLIENT 73 =======
Ratio:               1.000 (100/100)
Runtime (s):         100.241
Msg time min (ms):   7.031
Msg time max (ms):   311.201
Msg time mean (ms):  20.817
Msg time std (ms):   42.220
Bandwidth (msg/sec): 0.998

======= CLIENT 86 =======
Ratio:               1.000 (100/100)
Runtime (s):         100.238
Msg time min (ms):   4.338
Msg time max (ms):   307.909
Msg time mean (ms):  19.389
Msg time std (ms):   30.266
Bandwidth (msg/sec): 0.998

======= CLIENT 91 =======
Ratio:               1.000 (100/100)
Runtime (s):         100.238
Msg time min (ms):   7.157
Msg time max (ms):   457.118
Msg time mean (ms):  23.218
Msg time std (ms):   59.114
Bandwidth (msg/sec): 0.998

======= CLIENT 51 =======
Ratio:               1.000 (100/100)
Runtime (s):         100.247
Msg time min (ms):   6.599
Msg time max (ms):   309.999
Msg time mean (ms):  22.613
Msg time std (ms):   31.834
Bandwidth (msg/sec): 0.998

======= CLIENT 77 =======
Ratio:               1.000 (100/100)
Runtime (s):         100.241
Msg time min (ms):   8.173
Msg time max (ms):   119.544
Msg time mean (ms):  24.839
Msg time std (ms):   22.430
Bandwidth (msg/sec): 0.998

======= CLIENT 64 =======
Ratio:               1.000 (100/100)
Runtime (s):         100.245
Msg time min (ms):   5.901
Msg time max (ms):   311.060
Msg time mean (ms):  24.861
Msg time std (ms):   42.769
Bandwidth (msg/sec): 0.998

======= CLIENT 66 =======
Ratio:               1.000 (100/100)
Runtime (s):         100.245
Msg time min (ms):   5.746
Msg time max (ms):   94.899
Msg time mean (ms):  22.421
Msg time std (ms):   18.510
Bandwidth (msg/sec): 0.998

======= CLIENT 71 =======
Ratio:               1.000 (100/100)
Runtime (s):         100.242
Msg time min (ms):   5.384
Msg time max (ms):   311.065
Msg time mean (ms):  24.882
Msg time std (ms):   42.925
Bandwidth (msg/sec): 0.998

======= CLIENT 49 =======
Ratio:               1.000 (100/100)
Runtime (s):         100.248
Msg time min (ms):   6.212
Msg time max (ms):   389.481
Msg time mean (ms):  24.025
Msg time std (ms):   39.765
Bandwidth (msg/sec): 0.998

======= CLIENT 47 =======
Ratio:               1.000 (100/100)
Runtime (s):         100.250
Msg time min (ms):   7.156
Msg time max (ms):   92.460
Msg time mean (ms):  22.257
Msg time std (ms):   18.076
Bandwidth (msg/sec): 0.998

======= CLIENT 89 =======
Ratio:               1.000 (100/100)
Runtime (s):         100.241
Msg time min (ms):   5.202
Msg time max (ms):   391.926
Msg time mean (ms):  24.106
Msg time std (ms):   50.055
Bandwidth (msg/sec): 0.998

======= CLIENT 54 =======
Ratio:               1.000 (100/100)
Runtime (s):         100.254
Msg time min (ms):   5.976
Msg time max (ms):   314.340
Msg time mean (ms):  22.791
Msg time std (ms):   43.743
Bandwidth (msg/sec): 0.997

======= CLIENT 96 =======
Ratio:               1.000 (100/100)
Runtime (s):         100.245
Msg time min (ms):   6.007
Msg time max (ms):   308.533
Msg time mean (ms):  20.220
Msg time std (ms):   42.101
Bandwidth (msg/sec): 0.998

======= CLIENT 18 =======
Ratio:               1.000 (100/100)
Runtime (s):         100.269
Msg time min (ms):   8.150
Msg time max (ms):   119.569
Msg time mean (ms):  23.326
Msg time std (ms):   23.818
Bandwidth (msg/sec): 0.997

======= CLIENT 90 =======
Ratio:               1.000 (100/100)
Runtime (s):         100.248
Msg time min (ms):   6.468
Msg time max (ms):   310.485
Msg time mean (ms):  20.265
Msg time std (ms):   42.151
Bandwidth (msg/sec): 0.998

======= CLIENT 53 =======
Ratio:               1.000 (100/100)
Runtime (s):         100.256
Msg time min (ms):   5.836
Msg time max (ms):   92.370
Msg time mean (ms):  21.610
Msg time std (ms):   17.170
Bandwidth (msg/sec): 0.997

======= CLIENT 63 =======
Ratio:               1.000 (100/100)
Runtime (s):         100.254
Msg time min (ms):   5.249
Msg time max (ms):   315.263
Msg time mean (ms):  25.664
Msg time std (ms):   43.970
Bandwidth (msg/sec): 0.997

======= CLIENT 45 =======
Ratio:               1.000 (100/100)
Runtime (s):         100.258
Msg time min (ms):   7.265
Msg time max (ms):   391.496
Msg time mean (ms):  27.087
Msg time std (ms):   53.584
Bandwidth (msg/sec): 0.997

======= CLIENT 50 =======
Ratio:               1.000 (100/100)
Runtime (s):         100.258
Msg time min (ms):   6.973
Msg time max (ms):   309.651
Msg time mean (ms):  18.238
Msg time std (ms):   31.385
Bandwidth (msg/sec): 0.997

======= CLIENT 85 =======
Ratio:               1.000 (100/100)
Runtime (s):         100.250
Msg time min (ms):   6.644
Msg time max (ms):   308.459
Msg time mean (ms):  20.765
Msg time std (ms):   42.187
Bandwidth (msg/sec): 0.998

======= CLIENT 94 =======
Ratio:               1.000 (100/100)
Runtime (s):         100.249
Msg time min (ms):   6.740
Msg time max (ms):   311.885
Msg time mean (ms):  20.172
Msg time std (ms):   42.299
Bandwidth (msg/sec): 0.998

======= CLIENT 93 =======
Ratio:               1.000 (100/100)
Runtime (s):         100.249
Msg time min (ms):   6.486
Msg time max (ms):   332.458
Msg time mean (ms):  17.272
Msg time std (ms):   32.964
Bandwidth (msg/sec): 0.998

======= CLIENT 98 =======
Ratio:               1.000 (100/100)
Runtime (s):         100.279
Msg time min (ms):   4.503
Msg time max (ms):   311.570
Msg time mean (ms):  18.622
Msg time std (ms):   42.543
Bandwidth (msg/sec): 0.997

======= CLIENT 87 =======
Ratio:               1.000 (100/100)
Runtime (s):         100.281
Msg time min (ms):   5.141
Msg time max (ms):   311.616
Msg time mean (ms):  14.611
Msg time std (ms):   30.774
Bandwidth (msg/sec): 0.997

======= CLIENT 55 =======
Ratio:               1.000 (100/100)
Runtime (s):         100.311
Msg time min (ms):   5.664
Msg time max (ms):   402.911
Msg time mean (ms):  16.158
Msg time std (ms):   39.633
Bandwidth (msg/sec): 0.997

======= CLIENT 65 =======
Ratio:               1.000 (100/100)
Runtime (s):         100.309
Msg time min (ms):   5.205
Msg time max (ms):   391.394
Msg time mean (ms):  19.421
Msg time std (ms):   39.750
Bandwidth (msg/sec): 0.997

======= CLIENT 92 =======
Ratio:               1.000 (100/100)
Runtime (s):         100.303
Msg time min (ms):   6.542
Msg time max (ms):   307.099
Msg time mean (ms):  14.970
Msg time std (ms):   30.170
Bandwidth (msg/sec): 0.997

======= CLIENT 88 =======
Ratio:               1.000 (100/100)
Runtime (s):         100.304
Msg time min (ms):   5.353
Msg time max (ms):   308.468
Msg time mean (ms):  18.753
Msg time std (ms):   42.278
Bandwidth (msg/sec): 0.997

======= CLIENT 69 =======
Ratio:               1.000 (100/100)
Runtime (s):         100.309
Msg time min (ms):   5.567
Msg time max (ms):   457.533
Msg time mean (ms):  18.153
Msg time std (ms):   45.596
Bandwidth (msg/sec): 0.997

======= CLIENT 82 =======
Ratio:               1.000 (100/100)
Runtime (s):         100.306
Msg time min (ms):   6.458
Msg time max (ms):   383.216
Msg time mean (ms):  19.172
Msg time std (ms):   49.469
Bandwidth (msg/sec): 0.997

======= CLIENT 70 =======
Ratio:               1.000 (100/100)
Runtime (s):         100.309
Msg time min (ms):   4.745
Msg time max (ms):   385.947
Msg time mean (ms):  17.093
Msg time std (ms):   38.526
Bandwidth (msg/sec): 0.997

======= CLIENT 84 =======
Ratio:               1.000 (100/100)
Runtime (s):         100.308
Msg time min (ms):   6.151
Msg time max (ms):   459.176
Msg time mean (ms):  19.779
Msg time std (ms):   53.906
Bandwidth (msg/sec): 0.997

======= CLIENT 95 =======
Ratio:               1.000 (100/100)
Runtime (s):         100.306
Msg time min (ms):   5.253
Msg time max (ms):   402.451
Msg time mean (ms):  16.398
Msg time std (ms):   39.423
Bandwidth (msg/sec): 0.997

======= CLIENT 61 =======
Ratio:               1.000 (100/100)
Runtime (s):         100.314
Msg time min (ms):   6.109
Msg time max (ms):   388.980
Msg time mean (ms):  23.235
Msg time std (ms):   53.889
Bandwidth (msg/sec): 0.997

======= CLIENT 58 =======
Ratio:               1.000 (100/100)
Runtime (s):         100.314
Msg time min (ms):   6.447
Msg time max (ms):   309.611
Msg time mean (ms):  16.946
Msg time std (ms):   31.193
Bandwidth (msg/sec): 0.997

========= TOTAL (100) =========
Total Ratio:                 1.000 (10000/10000)
Total Runtime (sec):         100.337
Average Runtime (sec):       100.199
Msg time min (ms):           4.012
Msg time max (ms):           459.176
Msg time mean mean (ms):     27.263
Msg time mean std (ms):      7.114
Average Bandwidth (msg/sec): 0.998
Total Bandwidth (msg/sec):   99.801
