======= CLIENT 8 =======
Ratio:               1.000 (100/100)
Runtime (s):         100.094
Msg time min (ms):   0.075
Msg time max (ms):   0.224
Msg time mean (ms):  0.096
Msg time std (ms):   0.019
Bandwidth (msg/sec): 0.999

======= CLIENT 2 =======
Ratio:               1.000 (100/100)
Runtime (s):         101.132
Msg time min (ms):   0.021
Msg time max (ms):   1.142
Msg time mean (ms):  0.192
Msg time std (ms):   0.241
Bandwidth (msg/sec): 0.989

======= CLIENT 5 =======
Ratio:               1.000 (100/100)
Runtime (s):         101.133
Msg time min (ms):   0.019
Msg time max (ms):   1.256
Msg time mean (ms):  0.178
Msg time std (ms):   0.239
Bandwidth (msg/sec): 0.989

======= CLIENT 1 =======
Ratio:               1.000 (100/100)
Runtime (s):         101.134
Msg time min (ms):   0.019
Msg time max (ms):   1.782
Msg time mean (ms):  0.258
Msg time std (ms):   0.356
Bandwidth (msg/sec): 0.989

======= CLIENT 6 =======
Ratio:               1.000 (100/100)
Runtime (s):         101.133
Msg time min (ms):   0.021
Msg time max (ms):   1.386
Msg time mean (ms):  0.213
Msg time std (ms):   0.280
Bandwidth (msg/sec): 0.989

======= CLIENT 3 =======
Ratio:               1.000 (100/100)
Runtime (s):         101.133
Msg time min (ms):   0.023
Msg time max (ms):   1.153
Msg time mean (ms):  0.189
Msg time std (ms):   0.228
Bandwidth (msg/sec): 0.989

======= CLIENT 9 =======
Ratio:               1.000 (100/100)
Runtime (s):         101.136
Msg time min (ms):   0.026
Msg time max (ms):   1.487
Msg time mean (ms):  0.204
Msg time std (ms):   0.255
Bandwidth (msg/sec): 0.989

======= CLIENT 0 =======
Ratio:               1.000 (100/100)
Runtime (s):         101.136
Msg time min (ms):   0.028
Msg time max (ms):   1.270
Msg time mean (ms):  0.206
Msg time std (ms):   0.276
Bandwidth (msg/sec): 0.989

======= CLIENT 4 =======
Ratio:               1.000 (100/100)
Runtime (s):         101.135
Msg time min (ms):   0.020
Msg time max (ms):   1.069
Msg time mean (ms):  0.199
Msg time std (ms):   0.263
Bandwidth (msg/sec): 0.989

======= CLIENT 7 =======
Ratio:               1.000 (100/100)
Runtime (s):         101.136
Msg time min (ms):   0.022
Msg time max (ms):   1.460
Msg time mean (ms):  0.162
Msg time std (ms):   0.244
Bandwidth (msg/sec): 0.989

========= TOTAL (10) =========
Total Ratio:                 1.000 (1000/1000)
Total Runtime (sec):         101.137
Average Runtime (sec):       101.030
Msg time min (ms):           0.019
Msg time max (ms):           1.782
Msg time mean mean (ms):     0.190
Msg time mean std (ms):      0.041
Average Bandwidth (msg/sec): 0.990
Total Bandwidth (msg/sec):   9.898
