======= CLIENT 5 =======
Ratio:               1.000 (100/100)
Runtime (s):         100.060
Msg time min (ms):   2.550
Msg time max (ms):   159.734
Msg time mean (ms):  51.585
Msg time std (ms):   39.180
Bandwidth (msg/sec): 0.999

======= CLIENT 4 =======
Ratio:               1.000 (100/100)
Runtime (s):         100.060
Msg time min (ms):   2.645
Msg time max (ms):   159.817
Msg time mean (ms):  51.489
Msg time std (ms):   39.203
Bandwidth (msg/sec): 0.999

======= CLIENT 7 =======
Ratio:               1.000 (100/100)
Runtime (s):         100.060
Msg time min (ms):   2.806
Msg time max (ms):   159.467
Msg time mean (ms):  51.637
Msg time std (ms):   39.189
Bandwidth (msg/sec): 0.999

======= CLIENT 3 =======
Ratio:               1.000 (100/100)
Runtime (s):         100.065
Msg time min (ms):   2.789
Msg time max (ms):   155.174
Msg time mean (ms):  48.648
Msg time std (ms):   38.101
Bandwidth (msg/sec): 0.999

======= CLIENT 6 =======
Ratio:               1.000 (100/100)
Runtime (s):         100.064
Msg time min (ms):   2.809
Msg time max (ms):   155.206
Msg time mean (ms):  48.908
Msg time std (ms):   38.119
Bandwidth (msg/sec): 0.999

======= CLIENT 9 =======
Ratio:               1.000 (100/100)
Runtime (s):         100.077
Msg time min (ms):   2.455
Msg time max (ms):   143.427
Msg time mean (ms):  40.666
Msg time std (ms):   34.995
Bandwidth (msg/sec): 0.999

======= CLIENT 1 =======
Ratio:               1.000 (100/100)
Runtime (s):         100.077
Msg time min (ms):   2.383
Msg time max (ms):   144.905
Msg time mean (ms):  41.072
Msg time std (ms):   35.096
Bandwidth (msg/sec): 0.999

======= CLIENT 0 =======
Ratio:               1.000 (100/100)
Runtime (s):         100.081
Msg time min (ms):   2.356
Msg time max (ms):   145.040
Msg time mean (ms):  40.621
Msg time std (ms):   34.991
Bandwidth (msg/sec): 0.999

======= CLIENT 2 =======
Ratio:               1.000 (100/100)
Runtime (s):         100.087
Msg time min (ms):   2.156
Msg time max (ms):   132.017
Msg time mean (ms):  33.895
Msg time std (ms):   32.255
Bandwidth (msg/sec): 0.999

======= CLIENT 8 =======
Ratio:               1.000 (100/100)
Runtime (s):         100.086
Msg time min (ms):   2.227
Msg time max (ms):   132.490
Msg time mean (ms):  33.506
Msg time std (ms):   31.873
Bandwidth (msg/sec): 0.999

========= TOTAL (10) =========
Total Ratio:                 1.000 (1000/1000)
Total Runtime (sec):         100.088
Average Runtime (sec):       100.072
Msg time min (ms):           2.156
Msg time max (ms):           159.817
Msg time mean mean (ms):     44.203
Msg time mean std (ms):      7.154
Average Bandwidth (msg/sec): 0.999
Total Bandwidth (msg/sec):   9.993
