======= CLIENT 1 =======
Ratio:               1.000 (100/100)
Runtime (s):         100.156
Msg time min (ms):   5.475
Msg time max (ms):   118.996
Msg time mean (ms):  33.668
Msg time std (ms):   34.189
Bandwidth (msg/sec): 0.998

======= CLIENT 7 =======
Ratio:               1.000 (100/100)
Runtime (s):         100.155
Msg time min (ms):   5.367
Msg time max (ms):   119.670
Msg time mean (ms):  34.747
Msg time std (ms):   34.368
Bandwidth (msg/sec): 0.998

======= CLIENT 0 =======
Ratio:               1.000 (100/100)
Runtime (s):         100.157
Msg time min (ms):   6.210
Msg time max (ms):   121.844
Msg time mean (ms):  33.597
Msg time std (ms):   34.692
Bandwidth (msg/sec): 0.998

======= CLIENT 5 =======
Ratio:               1.000 (100/100)
Runtime (s):         100.156
Msg time min (ms):   5.305
Msg time max (ms):   119.422
Msg time mean (ms):  34.413
Msg time std (ms):   34.268
Bandwidth (msg/sec): 0.998

======= CLIENT 2 =======
Ratio:               1.000 (100/100)
Runtime (s):         100.158
Msg time min (ms):   5.953
Msg time max (ms):   121.761
Msg time mean (ms):  34.102
Msg time std (ms):   34.875
Bandwidth (msg/sec): 0.998

======= CLIENT 9 =======
Ratio:               1.000 (100/100)
Runtime (s):         100.161
Msg time min (ms):   6.064
Msg time max (ms):   119.037
Msg time mean (ms):  32.273
Msg time std (ms):   33.573
Bandwidth (msg/sec): 0.998

======= CLIENT 6 =======
Ratio:               1.000 (100/100)
Runtime (s):         100.160
Msg time min (ms):   6.661
Msg time max (ms):   119.583
Msg time mean (ms):  34.125
Msg time std (ms):   33.973
Bandwidth (msg/sec): 0.998

======= CLIENT 8 =======
Ratio:               1.000 (100/100)
Runtime (s):         100.161
Msg time min (ms):   6.620
Msg time max (ms):   122.387
Msg time mean (ms):  34.335
Msg time std (ms):   33.965
Bandwidth (msg/sec): 0.998

======= CLIENT 3 =======
Ratio:               1.000 (100/100)
Runtime (s):         100.161
Msg time min (ms):   6.325
Msg time max (ms):   121.708
Msg time mean (ms):  33.769
Msg time std (ms):   34.278
Bandwidth (msg/sec): 0.998

======= CLIENT 4 =======
Ratio:               1.000 (100/100)
Runtime (s):         100.161
Msg time min (ms):   6.169
Msg time max (ms):   119.621
Msg time mean (ms):  33.789
Msg time std (ms):   33.890
Bandwidth (msg/sec): 0.998

========= TOTAL (10) =========
Total Ratio:                 1.000 (1000/1000)
Total Runtime (sec):         100.162
Average Runtime (sec):       100.159
Msg time min (ms):           5.305
Msg time max (ms):           122.387
Msg time mean mean (ms):     33.882
Msg time mean std (ms):      0.673
Average Bandwidth (msg/sec): 0.998
Total Bandwidth (msg/sec):   9.984
